03-07-03 12:37:28.240 1864 [FixeyForecastingBot Telegram Executor] ERROR ru.liga.telegram.Bot - wtf
03-07-03 12:37:57.750 3894 [FixeyForecastingBot Telegram Executor] ERROR ru.liga.telegram.Bot - wtf
03-07-03 12:38:27.526 2755 [FixeyForecastingBot Telegram Executor] ERROR ru.liga.telegram.Bot - wtf
03-07-03 12:42:51.848 1932 [FixeyForecastingBot Telegram Executor] ERROR ru.liga.telegram.Bot - wtf
03-07-03 12:44:10.668 3751 [FixeyForecastingBot Telegram Executor] ERROR ru.liga.telegram.Bot - wtf
03-07-03 12:46:27.613 6824 [FixeyForecastingBot Telegram Executor] ERROR ru.liga.telegram.Bot - wtf
03-07-03 12:47:04.525 [FixeyForecastingBot Telegram Executor] ERROR ru.liga.telegram.Bot - wtf
03-07-03 12:47:44.021 [FixeyForecastingBot Telegram Executor] ERROR ru.liga.telegram.Bot - wtf
03-07-03 12:48:24.067 8384 [FixeyForecastingBot Telegram Executor] ERROR ru.liga.telegram.Bot - wtf
03-07-03 12:49:50.224 2351 [FixeyForecastingBot Telegram Executor] ERROR ru.liga.telegram.Bot - wtf
03-07-03 12:49:50.651 2778 [FixeyForecastingBot Telegram Executor] ERROR ru.liga.telegram.Bot - wtf
03-07-03 12:50:51.828 2212 [FixeyForecastingBot Telegram Executor] ERROR ru.liga.telegram.Bot - wtf
03-07-03 12:52:24.407 5628 [FixeyForecastingBot Telegram Executor] ERROR ru.liga.telegram.Bot - wtf
03-07-03 12:53:58.073 1810 [FixeyForecastingBot Telegram Executor] INFO  ru.liga.telegram.Bot - sf
03-07-03 12:53:58.075 1812 [FixeyForecastingBot Telegram Executor] ERROR ru.liga.telegram.Bot - wtf
03-07-03 12:54:46.548 2025 [FixeyForecastingBot Telegram Executor] INFO  ru.liga.telegram.Bot - sf
03-07-03 12:54:46.550 2027 [FixeyForecastingBot Telegram Executor] ERROR ru.liga.telegram.Bot - wtf
03-07-03 12:57:07.099 2053 [FixeyForecastingBot Telegram Executor] INFO  ru.liga.telegram.Bot - sf
03-07-03 12:57:07.102 2056 [FixeyForecastingBot Telegram Executor] ERROR ru.liga.telegram.Bot - wtf
03-07-03 12:59:47.506 3615 [FixeyForecastingBot Telegram Executor] INFO  ru.liga.telegram.Bot - sf
03-07-03 12:59:47.509 3618 [FixeyForecastingBot Telegram Executor] ERROR ru.liga.telegram.Bot - wtf
03-07-03 13:04:07.422 1984 [FixeyForecastingBot Telegram Executor] INFO  ru.liga.telegram.Bot - sf
03-07-03 13:04:07.425 1987 [FixeyForecastingBot Telegram Executor] ERROR ru.liga.telegram.Bot - wtf
03-07-03 13:06:37.005 13521 [FixeyForecastingBot Telegram Executor] INFO  ru.liga.telegram.Bot - sf
03-07-03 13:06:37.008 13524 [FixeyForecastingBot Telegram Executor] ERROR ru.liga.telegram.Bot - wtf
03-07-03 13:06:58.132 4019 [FixeyForecastingBot Telegram Executor] INFO  ru.liga.telegram.Bot - sf
03-07-03 13:06:58.135 4022 [FixeyForecastingBot Telegram Executor] ERROR ru.liga.telegram.Bot - wtf
03-07-03 13:15:34.251 1972 [FixeyForecastingBot Telegram Executor] INFO  ru.liga.telegram.Bot - sf
03-07-03 13:15:34.254 1975 [FixeyForecastingBot Telegram Executor] ERROR ru.liga.telegram.Bot - wtf
03-07-03 13:16:46.472 7287 [FixeyForecastingBot Telegram Executor] INFO  ru.liga.telegram.Bot - sf
03-07-03 13:16:46.482 7297 [FixeyForecastingBot Telegram Executor] ERROR ru.liga.telegram.Bot - wtf
03-07-03 13:17:18.901 4846 [FixeyForecastingBot Telegram Executor] INFO  ru.liga.telegram.Bot - sf
03-07-03 13:17:18.911 4856 [FixeyForecastingBot Telegram Executor] ERROR ru.liga.telegram.Bot - wtf
03-07-03 13:18:03.797 1914 [FixeyForecastingBot Telegram Executor] INFO  ru.liga.telegram.Bot - sf
03-07-03 13:18:03.799 1916 [FixeyForecastingBot Telegram Executor] ERROR ru.liga.telegram.Bot - wtf
03-07-03 13:18:30.775 1938 [FixeyForecastingBot Telegram Executor] INFO  ru.liga.telegram.Bot - sf
03-07-03 13:18:30.778 1941 [FixeyForecastingBot Telegram Executor] ERROR ru.liga.telegram.Bot - wtf
03-07-03 13:20:51.943 2910 [FixeyForecastingBot Telegram Executor] INFO  ru.liga.telegram.Bot - sf
03-07-03 13:25:19.383 1851 [FixeyForecastingBot Telegram Executor] INFO  ru.liga.telegram.Bot - sf
03-07-03 13:25:19.385 1853 [FixeyForecastingBot Telegram Executor] ERROR ru.liga.telegram.Bot - wtf
03-07-03 13:26:25.643 1901 [FixeyForecastingBot Telegram Executor] INFO  ru.liga.telegram.Bot - sf
03-07-03 13:26:25.645 1903 [FixeyForecastingBot Telegram Executor] ERROR ru.liga.telegram.Bot - wtf
03-07-03 13:29:06.371 1845 [FixeyForecastingBot Telegram Executor] INFO  ru.liga.telegram.Bot - sf
03-07-03 13:29:06.373 1847 [FixeyForecastingBot Telegram Executor] ERROR ru.liga.telegram.Bot - wtf
03-07-03 13:31:44.977 1937 [FixeyForecastingBot Telegram Executor] INFO  ru.liga.telegram.Bot - sf
03-07-03 13:31:44.980 1940 [FixeyForecastingBot Telegram Executor] ERROR ru.liga.telegram.Bot - wtf
03-07-03 13:32:19.982 1783 [FixeyForecastingBot Telegram Executor] INFO  ru.liga.telegram.Bot - sf
03-07-03 13:32:19.986 1787 [FixeyForecastingBot Telegram Executor] ERROR ru.liga.telegram.Bot - wtf
03-07-03 13:34:07.682 2658 [FixeyForecastingBot Telegram Executor] INFO  ru.liga.telegram.Bot - sf
03-07-03 13:34:07.684 2660 [FixeyForecastingBot Telegram Executor] ERROR ru.liga.telegram.Bot - wtf
03-07-03 13:34:21.769 1763 [FixeyForecastingBot Telegram Executor] INFO  ru.liga.telegram.Bot - sf
03-07-03 13:34:21.771 1765 [FixeyForecastingBot Telegram Executor] ERROR ru.liga.telegram.Bot - wtf
03-07-03 13:35:47.736 1784 [FixeyForecastingBot Telegram Executor] INFO  ru.liga.telegram.Bot - sf
03-07-03 13:35:47.743 1791 [FixeyForecastingBot Telegram Executor] ERROR ru.liga.telegram.Bot - wtf
03-07-03 13:37:20.047 2132 [FixeyForecastingBot Telegram Executor] INFO  ru.liga.telegram.Bot - sf
03-07-03 13:37:20.049 2134 [FixeyForecastingBot Telegram Executor] ERROR ru.liga.telegram.Bot - wtf
03-07-03 13:37:55.139 1751 [FixeyForecastingBot Telegram Executor] INFO  ru.liga.telegram.Bot - sf
03-07-03 13:37:55.141 1753 [FixeyForecastingBot Telegram Executor] ERROR ru.liga.telegram.Bot - wtf
03-07-03 13:38:31.131 6812 [FixeyForecastingBot Telegram Executor] INFO  ru.liga.telegram.Bot - sf
03-07-03 13:38:31.133 6814 [FixeyForecastingBot Telegram Executor] ERROR ru.liga.telegram.Bot - wtf
03-07-03 13:42:33.198 329  [main] ERROR ru.liga.Main - Start working: 1656844953191
03-07-03 13:43:25.715 334  [main] ERROR ru.liga.Main - Start working: 2022-07-03
03-07-03 13:43:41.270 266  [main] ERROR ru.liga.Main - Start working: 2022-07-03T13:43:41.264343900
03-07-03 13:44:43.362 279  [main] ERROR ru.liga.Main - Start working: 2022-07-03T13:44:43.356150300
03-07-03 13:47:18.546 268  [main] INFO  ru.liga.Main - Start working: 2022-07-03T13:47:18.539765200
03-07-03 13:47:20.188 1910 [main] INFO  ru.liga.Main - End working: 2022-07-03T13:47:18.539765200
03-07-03 13:47:36.891 18613 [FixeyForecastingBot Telegram Executor] INFO  ru.liga.telegram.Bot - Start ru.liga.telegram.Bot
03-07-03 13:50:29.694 271  [main] INFO  ru.liga.Main - Start Bot
03-07-03 13:50:31.571 2148 [main] INFO  ru.liga.Main - End Bot
03-07-03 13:50:36.279 6856 [FixeyForecastingBot Telegram Executor] INFO  ru.liga.telegram.Bot - Start onUpdateReceived
03-07-03 13:52:30.708 345  [main] INFO  ru.liga.Main - Start Bot
03-07-03 13:52:32.432 2069 [main] INFO  ru.liga.Main - End Bot
03-07-03 13:52:32.829 2466 [FixeyForecastingBot Telegram Executor] INFO  ru.liga.telegram.Bot - Start <clinit>
03-07-03 13:52:33.206 2843 [FixeyForecastingBot Telegram Executor] INFO  ru.liga.telegram.Bot - Start <clinit>
03-07-03 15:47:47.176 6916813 [FixeyForecastingBot Telegram Executor] INFO  ru.liga.telegram.Bot - Start <clinit>
03-07-03 15:48:07.433 339  [main] INFO  ru.liga.Main - Start Bot
03-07-03 15:48:07.447 353  [main] INFO  ru.liga.back.Configurations - Reads files
03-07-03 15:48:07.820 726  [main] INFO  ru.liga.back.Configurations - Read files successfully
03-07-03 15:48:10.159 3065 [FixeyForecastingBot Telegram Executor] INFO  ru.liga.telegram.Bot - Get message
03-07-03 15:48:10.161 3067 [FixeyForecastingBot Telegram Executor] INFO  ru.liga.telegram.Bot - MessageText = Особо,ChatId = 257321486
03-07-03 15:48:10.179 3085 [FixeyForecastingBot Telegram Executor] ERROR ru.liga.exception.UnknownCommandException - Unknown command
03-07-03 15:48:10.179 3085 [FixeyForecastingBot Telegram Executor] ERROR ru.liga.front.CommandHandler - Unknown command
03-07-03 15:48:10.180 3086 [FixeyForecastingBot Telegram Executor] ERROR ru.liga.exception.ConsoleException - ConsoleApp have some Error:
ru.liga.exception.UnknownCommandException: Unknown command
03-07-03 15:48:10.181 3087 [FixeyForecastingBot Telegram Executor] ERROR ru.liga.telegram.Bot - ConsoleApp have some Error:
ru.liga.exception.UnknownCommandException: Unknown command
03-07-03 15:48:10.311 3217 [FixeyForecastingBot Telegram Executor] ERROR ru.liga.telegram.Bot - ConsoleApp have some Error:
ru.liga.exception.UnknownCommandException: Unknown command
03-07-03 15:48:10.311 3217 [FixeyForecastingBot Telegram Executor] ERROR ru.liga.exception.SendMessageException - Can't send message!
03-07-03 15:50:10.363 286  [main] INFO  ru.liga.Main - Start Bot
03-07-03 15:50:10.368 291  [main] INFO  ru.liga.back.Configurations - Reads files
03-07-03 15:50:10.729 652  [main] INFO  ru.liga.back.Configurations - Read files successfully
03-07-03 15:50:16.069 5992 [FixeyForecastingBot Telegram Executor] INFO  ru.liga.telegram.Bot - Get message
03-07-03 15:50:16.070 5993 [FixeyForecastingBot Telegram Executor] INFO  ru.liga.telegram.Bot - MessageText = Console,ChatId = 257321486
03-07-03 15:50:16.076 5999 [FixeyForecastingBot Telegram Executor] ERROR ru.liga.exception.UnknownCommandException - WWWWWUnknown command
03-07-03 15:50:16.077 6000 [FixeyForecastingBot Telegram Executor] ERROR ru.liga.front.CommandHandler - Unknown command
03-07-03 15:50:16.078 6001 [FixeyForecastingBot Telegram Executor] ERROR ru.liga.exception.ConsoleException - ConsoleApp have some Error:
ru.liga.exception.UnknownCommandException: Unknown command
03-07-03 15:50:16.078 6001 [FixeyForecastingBot Telegram Executor] ERROR ru.liga.telegram.Bot - ConsoleApp have some Error:
ru.liga.exception.UnknownCommandException: Unknown command
03-07-03 15:50:16.208 6131 [FixeyForecastingBot Telegram Executor] ERROR ru.liga.telegram.Bot - ConsoleApp have some Error:
ru.liga.exception.UnknownCommandException: Unknown command
03-07-03 15:50:16.209 6132 [FixeyForecastingBot Telegram Executor] ERROR ru.liga.exception.SendMessageException - Can't send message!
03-07-03 16:05:31.503 280  [main] INFO  ru.liga.Main - Start Bot
03-07-03 16:05:31.512 289  [main] INFO  ru.liga.back.Configurations - Reads files
03-07-03 16:05:31.849 626  [main] INFO  ru.liga.back.Configurations - Read files successfully
03-07-03 16:13:10.044 502  [main] INFO  ru.liga.Main - Start Bot
03-07-03 16:13:10.052 510  [main] INFO  ru.liga.back.Configurations - Reads files
03-07-03 16:13:10.680 1138 [main] INFO  ru.liga.back.Configurations - Read files successfully
03-07-03 16:14:38.994 547771 [FixeyForecastingBot Telegram Executor] INFO  ru.liga.telegram.Bot - Get message
03-07-03 16:14:39.006 547783 [FixeyForecastingBot Telegram Executor] INFO  ru.liga.telegram.Bot - MessageText = rate usd,eur -period month -alg moon -output list,ChatId = 257321486
03-07-03 16:14:39.019 547796 [FixeyForecastingBot Telegram Executor] INFO  ru.liga.front.Console - CommandName = rate
03-07-03 16:14:39.019 547796 [FixeyForecastingBot Telegram Executor] INFO  ru.liga.front.CommandRate - Invoked ru.liga.front.CommandRate
03-07-03 16:14:39.075 547852 [FixeyForecastingBot Telegram Executor] INFO  ru.liga.front.CommandRate - Choose algorithm = ru.liga.back.AlgorithmMoonForecasting
03-07-03 16:14:51.940 1163 [main] INFO  ru.liga.Main - Start Bot
03-07-03 16:14:51.945 1168 [main] INFO  ru.liga.back.Configurations - Reads files
03-07-03 16:14:52.361 1584 [main] INFO  ru.liga.back.Configurations - Read files successfully
03-07-03 16:17:06.480 1463 [main] INFO  ru.liga.Main - Start Bot
03-07-03 16:17:06.486 1469 [main] INFO  ru.liga.back.Configurations - Reads files
03-07-03 16:17:06.994 1977 [main] INFO  ru.liga.back.Configurations - Read files successfully
03-07-03 16:26:41.836 1270613 [FixeyForecastingBot Telegram Executor] INFO  ru.liga.telegram.Bot - Get message
03-07-03 16:26:41.839 1270616 [FixeyForecastingBot Telegram Executor] INFO  ru.liga.telegram.Bot - MessageText = /start,ChatId = 294483789
03-07-03 16:26:41.840 1270617 [FixeyForecastingBot Telegram Executor] ERROR ru.liga.exception.UnknownCommandException - Unknown command
03-07-03 16:26:41.840 1270617 [FixeyForecastingBot Telegram Executor] ERROR ru.liga.front.CommandHandler - Unknown command
03-07-03 16:26:41.842 1270619 [FixeyForecastingBot Telegram Executor] ERROR ru.liga.exception.ConsoleException - ConsoleApp have some Error:
ru.liga.exception.UnknownCommandException: Unknown command
03-07-03 16:26:41.843 1270620 [FixeyForecastingBot Telegram Executor] ERROR ru.liga.telegram.Bot - ConsoleApp have some Error:
ru.liga.exception.UnknownCommandException: Unknown command
03-07-03 16:26:42.214 1270991 [FixeyForecastingBot Telegram Executor] ERROR ru.liga.telegram.Bot - ConsoleApp have some Error:
ru.liga.exception.UnknownCommandException: Unknown command
03-07-03 16:26:42.214 1270991 [FixeyForecastingBot Telegram Executor] ERROR ru.liga.exception.SendMessageException - Can't send message!
03-07-03 16:26:46.921 1275698 [FixeyForecastingBot Telegram Executor] INFO  ru.liga.telegram.Bot - Get message
03-07-03 16:26:46.921 1275698 [FixeyForecastingBot Telegram Executor] INFO  ru.liga.telegram.Bot - MessageText = rate TRY -date 31.01.2030 -alg lastYear -period week,ChatId = 294483789
03-07-03 16:26:46.922 1275699 [FixeyForecastingBot Telegram Executor] INFO  ru.liga.front.Console - CommandName = rate
03-07-03 16:26:46.922 1275699 [FixeyForecastingBot Telegram Executor] INFO  ru.liga.front.CommandRate - Invoked ru.liga.front.CommandRate
03-07-03 16:26:46.923 1275700 [FixeyForecastingBot Telegram Executor] ERROR r.l.exception.PeriodRequiredInRateCommandException - Output is required parameter if there is period!
03-07-03 16:26:46.923 1275700 [FixeyForecastingBot Telegram Executor] ERROR ru.liga.front.CommandHandler - Output is required parameter if there is period!
03-07-03 16:26:46.923 1275700 [FixeyForecastingBot Telegram Executor] ERROR ru.liga.exception.ConsoleException - ConsoleApp have some Error:
ru.liga.exception.PeriodRequiredInRateCommandException: Output is required parameter if there is period!
03-07-03 16:26:46.923 1275700 [FixeyForecastingBot Telegram Executor] ERROR ru.liga.telegram.Bot - ConsoleApp have some Error:
ru.liga.exception.PeriodRequiredInRateCommandException: Output is required parameter if there is period!
03-07-03 16:26:47.006 1275783 [FixeyForecastingBot Telegram Executor] ERROR ru.liga.telegram.Bot - ConsoleApp have some Error:
ru.liga.exception.PeriodRequiredInRateCommandException: Output is required parameter if there is period!
03-07-03 16:26:47.006 1275783 [FixeyForecastingBot Telegram Executor] ERROR ru.liga.exception.SendMessageException - Can't send message!
03-07-03 16:31:58.046 893029 [FixeyForecastingBot Telegram Executor] INFO  ru.liga.telegram.Bot - Get message
03-07-03 16:31:58.053 893036 [FixeyForecastingBot Telegram Executor] INFO  ru.liga.telegram.Bot - MessageText = /start,ChatId = 65191620
03-07-03 16:31:58.064 893047 [FixeyForecastingBot Telegram Executor] ERROR ru.liga.exception.UnknownCommandException - Unknown command
03-07-03 16:31:58.065 893048 [FixeyForecastingBot Telegram Executor] ERROR ru.liga.front.CommandHandler - Unknown command
03-07-03 16:31:58.066 893049 [FixeyForecastingBot Telegram Executor] ERROR ru.liga.exception.ConsoleException - ConsoleApp have some Error:
ru.liga.exception.UnknownCommandException: Unknown command
03-07-03 16:31:58.067 893050 [FixeyForecastingBot Telegram Executor] ERROR ru.liga.telegram.Bot - ConsoleApp have some Error:
ru.liga.exception.UnknownCommandException: Unknown command
03-07-03 16:31:58.267 893250 [FixeyForecastingBot Telegram Executor] ERROR ru.liga.telegram.Bot - ConsoleApp have some Error:
ru.liga.exception.UnknownCommandException: Unknown command
03-07-03 16:31:58.267 893250 [FixeyForecastingBot Telegram Executor] ERROR ru.liga.exception.SendMessageException - Can't send message!
03-07-03 16:32:14.477 1603254 [FixeyForecastingBot Telegram Executor] INFO  ru.liga.telegram.Bot - Get message
03-07-03 16:32:14.477 1603254 [FixeyForecastingBot Telegram Executor] INFO  ru.liga.telegram.Bot - MessageText = rate usd,eur -period month -alg moon -output list,ChatId = 65191620
03-07-03 16:32:14.478 1603255 [FixeyForecastingBot Telegram Executor] INFO  ru.liga.front.Console - CommandName = rate
03-07-03 16:32:14.478 1603255 [FixeyForecastingBot Telegram Executor] INFO  ru.liga.front.CommandRate - Invoked ru.liga.front.CommandRate
03-07-03 16:32:14.479 1603256 [FixeyForecastingBot Telegram Executor] INFO  ru.liga.front.CommandRate - Choose algorithm = ru.liga.back.AlgorithmMoonForecasting
03-07-03 16:32:28.641 1617418 [FixeyForecastingBot Telegram Executor] INFO  ru.liga.telegram.Bot - Get message
03-07-03 16:32:28.642 1617419 [FixeyForecastingBot Telegram Executor] INFO  ru.liga.telegram.Bot - MessageText = rate usd,eur -period month -alg moon -output graph,ChatId = 65191620
03-07-03 16:32:28.642 1617419 [FixeyForecastingBot Telegram Executor] INFO  ru.liga.front.Console - CommandName = rate
03-07-03 16:32:28.642 1617419 [FixeyForecastingBot Telegram Executor] INFO  ru.liga.front.CommandRate - Invoked ru.liga.front.CommandRate
03-07-03 16:32:28.643 1617420 [FixeyForecastingBot Telegram Executor] INFO  ru.liga.front.CommandRate - Choose algorithm = ru.liga.back.AlgorithmMoonForecasting
03-07-03 16:32:31.958 1620735 [FixeyForecastingBot Telegram Executor] INFO  ru.liga.front.OutputGraph - Send picture
03-07-03 16:32:46.114 1634891 [FixeyForecastingBot Telegram Executor] INFO  ru.liga.telegram.Bot - Get message
03-07-03 16:32:46.115 1634892 [FixeyForecastingBot Telegram Executor] INFO  ru.liga.telegram.Bot - MessageText = rate rub -period month -alg moon -output list,ChatId = 65191620
03-07-03 16:32:46.115 1634892 [FixeyForecastingBot Telegram Executor] INFO  ru.liga.front.Console - CommandName = rate
03-07-03 16:32:46.115 1634892 [FixeyForecastingBot Telegram Executor] INFO  ru.liga.front.CommandRate - Invoked ru.liga.front.CommandRate
03-07-03 16:32:46.117 1634894 [FixeyForecastingBot Telegram Executor] ERROR ru.liga.exception.CurrencyRateException - Such Currency rub in command 'rate' is not exist!
03-07-03 16:32:46.117 1634894 [FixeyForecastingBot Telegram Executor] ERROR ru.liga.front.CommandHandler - Such Currency rub in command 'rate' is not exist!
03-07-03 16:32:46.117 1634894 [FixeyForecastingBot Telegram Executor] ERROR ru.liga.exception.ConsoleException - ConsoleApp have some Error:
ru.liga.exception.CurrencyRateException: Such Currency rub in command 'rate' is not exist!
03-07-03 16:32:46.117 1634894 [FixeyForecastingBot Telegram Executor] ERROR ru.liga.telegram.Bot - ConsoleApp have some Error:
ru.liga.exception.CurrencyRateException: Such Currency rub in command 'rate' is not exist!
03-07-03 16:32:46.319 1635096 [FixeyForecastingBot Telegram Executor] ERROR ru.liga.telegram.Bot - ConsoleApp have some Error:
ru.liga.exception.CurrencyRateException: Such Currency rub in command 'rate' is not exist!
03-07-03 16:32:46.320 1635097 [FixeyForecastingBot Telegram Executor] ERROR ru.liga.exception.SendMessageException - Can't send message!
03-07-03 16:32:54.877 1643654 [FixeyForecastingBot Telegram Executor] INFO  ru.liga.telegram.Bot - Get message
03-07-03 16:32:54.878 1643655 [FixeyForecastingBot Telegram Executor] INFO  ru.liga.telegram.Bot - MessageText = rate try -period month -alg moon -output list,ChatId = 65191620
03-07-03 16:32:54.878 1643655 [FixeyForecastingBot Telegram Executor] INFO  ru.liga.front.Console - CommandName = rate
03-07-03 16:32:54.878 1643655 [FixeyForecastingBot Telegram Executor] INFO  ru.liga.front.CommandRate - Invoked ru.liga.front.CommandRate
03-07-03 16:32:54.878 1643655 [FixeyForecastingBot Telegram Executor] INFO  ru.liga.front.CommandRate - Choose algorithm = ru.liga.back.AlgorithmMoonForecasting
03-07-03 16:33:10.675 1659452 [FixeyForecastingBot Telegram Executor] INFO  ru.liga.telegram.Bot - Get message
03-07-03 16:33:10.676 1659453 [FixeyForecastingBot Telegram Executor] INFO  ru.liga.telegram.Bot - MessageText = rate try -period month -alg moon -output graph,ChatId = 65191620
03-07-03 16:33:10.676 1659453 [FixeyForecastingBot Telegram Executor] INFO  ru.liga.front.Console - CommandName = rate
03-07-03 16:33:10.678 1659455 [FixeyForecastingBot Telegram Executor] INFO  ru.liga.front.CommandRate - Invoked ru.liga.front.CommandRate
03-07-03 16:33:10.679 1659456 [FixeyForecastingBot Telegram Executor] INFO  ru.liga.front.CommandRate - Choose algorithm = ru.liga.back.AlgorithmMoonForecasting
03-07-03 16:33:12.208 1660985 [FixeyForecastingBot Telegram Executor] INFO  ru.liga.front.OutputGraph - Send picture
